c:\users\administrator\desktop\defaultwindow\default\debug\default.pch
c:\users\administrator\desktop\defaultwindow\default\debug\vc140.pdb
c:\users\administrator\desktop\defaultwindow\default\debug\vc140.idb
c:\users\administrator\desktop\defaultwindow\default\debug\stdafx.obj
c:\users\administrator\desktop\defaultwindow\default\debug\bullet.obj
c:\users\administrator\desktop\defaultwindow\default\debug\default.obj
c:\users\administrator\desktop\defaultwindow\default\debug\maingame.obj
c:\users\administrator\desktop\defaultwindow\default\debug\obj.obj
c:\users\administrator\desktop\defaultwindow\default\debug\player.obj
c:\users\administrator\desktop\defaultwindow\debug\default.ilk
c:\users\administrator\desktop\defaultwindow\debug\default.exe
c:\users\administrator\desktop\defaultwindow\debug\default.pdb
c:\users\administrator\desktop\defaultwindow\default\debug\default.res
c:\users\administrator\desktop\defaultwindow\default\debug\default.tlog\cl.command.1.tlog
c:\users\administrator\desktop\defaultwindow\default\debug\default.tlog\cl.read.1.tlog
c:\users\administrator\desktop\defaultwindow\default\debug\default.tlog\cl.write.1.tlog
c:\users\administrator\desktop\defaultwindow\default\debug\default.tlog\link.command.1.tlog
c:\users\administrator\desktop\defaultwindow\default\debug\default.tlog\link.read.1.tlog
c:\users\administrator\desktop\defaultwindow\default\debug\default.tlog\link.write.1.tlog
c:\users\administrator\desktop\defaultwindow\default\debug\default.tlog\rc.command.1.tlog
c:\users\administrator\desktop\defaultwindow\default\debug\default.tlog\rc.read.1.tlog
c:\users\administrator\desktop\defaultwindow\default\debug\default.tlog\rc.write.1.tlog
